<?xml version="1.0" encoding="UTF-8"?>
<testsuite xmlns:xsi="http://www.w3.org/2001/XMLSchema-instance" xsi:noNamespaceSchemaLocation="https://maven.apache.org/surefire/maven-surefire-plugin/xsd/surefire-test-report-3.0.xsd" version="3.0" name="naturalnumberinterpreter.BasePhoneValidatorTest" time="0.044" tests="24" errors="0" skipped="0" failures="0">
  <properties>
    <property name="java.specification.version" value="17"/>
    <property name="sun.jnu.encoding" value="UTF-8"/>
    <property name="java.class.path" value="/Users/laurencesevilla/Java Projects/NaturalNumberInterpreter/target/test-classes:/Users/laurencesevilla/Java Projects/NaturalNumberInterpreter/target/classes:/Users/laurencesevilla/.m2/repository/org/junit/jupiter/junit-jupiter/5.10.0/junit-jupiter-5.10.0.jar:/Users/laurencesevilla/.m2/repository/org/junit/jupiter/junit-jupiter-api/5.10.0/junit-jupiter-api-5.10.0.jar:/Users/laurencesevilla/.m2/repository/org/opentest4j/opentest4j/1.3.0/opentest4j-1.3.0.jar:/Users/laurencesevilla/.m2/repository/org/junit/platform/junit-platform-commons/1.10.0/junit-platform-commons-1.10.0.jar:/Users/laurencesevilla/.m2/repository/org/apiguardian/apiguardian-api/1.1.2/apiguardian-api-1.1.2.jar:/Users/laurencesevilla/.m2/repository/org/junit/jupiter/junit-jupiter-params/5.10.0/junit-jupiter-params-5.10.0.jar:/Users/laurencesevilla/.m2/repository/org/junit/jupiter/junit-jupiter-engine/5.10.0/junit-jupiter-engine-5.10.0.jar:/Users/laurencesevilla/.m2/repository/org/junit/platform/junit-platform-engine/1.10.0/junit-platform-engine-1.10.0.jar:"/>
    <property name="java.vm.vendor" value="Oracle Corporation"/>
    <property name="sun.arch.data.model" value="64"/>
    <property name="java.vendor.url" value="https://java.oracle.com/"/>
    <property name="os.name" value="Mac OS X"/>
    <property name="java.vm.specification.version" value="17"/>
    <property name="sun.java.launcher" value="SUN_STANDARD"/>
    <property name="user.country" value="US"/>
    <property name="sun.boot.library.path" value="/Library/Java/JavaVirtualMachines/jdk-17.jdk/Contents/Home/lib"/>
    <property name="sun.java.command" value="/Users/laurencesevilla/Java Projects/NaturalNumberInterpreter/target/surefire/surefirebooter-20250618173002656_3.jar /Users/laurencesevilla/Java Projects/NaturalNumberInterpreter/target/surefire 2025-06-18T17-30-02_625-jvmRun1 surefire-20250618173002656_1tmp surefire_0-20250618173002656_2tmp"/>
    <property name="http.nonProxyHosts" value="local|*.local|169.254/16|*.169.254/16"/>
    <property name="jdk.debug" value="release"/>
    <property name="surefire.test.class.path" value="/Users/laurencesevilla/Java Projects/NaturalNumberInterpreter/target/test-classes:/Users/laurencesevilla/Java Projects/NaturalNumberInterpreter/target/classes:/Users/laurencesevilla/.m2/repository/org/junit/jupiter/junit-jupiter/5.10.0/junit-jupiter-5.10.0.jar:/Users/laurencesevilla/.m2/repository/org/junit/jupiter/junit-jupiter-api/5.10.0/junit-jupiter-api-5.10.0.jar:/Users/laurencesevilla/.m2/repository/org/opentest4j/opentest4j/1.3.0/opentest4j-1.3.0.jar:/Users/laurencesevilla/.m2/repository/org/junit/platform/junit-platform-commons/1.10.0/junit-platform-commons-1.10.0.jar:/Users/laurencesevilla/.m2/repository/org/apiguardian/apiguardian-api/1.1.2/apiguardian-api-1.1.2.jar:/Users/laurencesevilla/.m2/repository/org/junit/jupiter/junit-jupiter-params/5.10.0/junit-jupiter-params-5.10.0.jar:/Users/laurencesevilla/.m2/repository/org/junit/jupiter/junit-jupiter-engine/5.10.0/junit-jupiter-engine-5.10.0.jar:/Users/laurencesevilla/.m2/repository/org/junit/platform/junit-platform-engine/1.10.0/junit-platform-engine-1.10.0.jar:"/>
    <property name="sun.cpu.endian" value="little"/>
    <property name="user.home" value="/Users/laurencesevilla"/>
    <property name="user.language" value="en"/>
    <property name="java.specification.vendor" value="Oracle Corporation"/>
    <property name="java.version.date" value="2025-04-15"/>
    <property name="java.home" value="/Library/Java/JavaVirtualMachines/jdk-17.jdk/Contents/Home"/>
    <property name="file.separator" value="/"/>
    <property name="basedir" value="/Users/laurencesevilla/Java Projects/NaturalNumberInterpreter"/>
    <property name="java.vm.compressedOopsMode" value="Zero based"/>
    <property name="line.separator" value="&#10;"/>
    <property name="java.specification.name" value="Java Platform API Specification"/>
    <property name="java.vm.specification.vendor" value="Oracle Corporation"/>
    <property name="surefire.real.class.path" value="/Users/laurencesevilla/Java Projects/NaturalNumberInterpreter/target/surefire/surefirebooter-20250618173002656_3.jar"/>
    <property name="sun.management.compiler" value="HotSpot 64-Bit Tiered Compilers"/>
    <property name="ftp.nonProxyHosts" value="local|*.local|169.254/16|*.169.254/16"/>
    <property name="java.runtime.version" value="17.0.15+9-LTS-241"/>
    <property name="user.name" value="laurencesevilla"/>
    <property name="path.separator" value=":"/>
    <property name="os.version" value="15.5"/>
    <property name="java.runtime.name" value="Java(TM) SE Runtime Environment"/>
    <property name="file.encoding" value="UTF-8"/>
    <property name="java.vm.name" value="Java HotSpot(TM) 64-Bit Server VM"/>
    <property name="localRepository" value="/Users/laurencesevilla/.m2/repository"/>
    <property name="java.vendor.url.bug" value="https://bugreport.java.com/bugreport/"/>
    <property name="java.io.tmpdir" value="/var/folders/m3/rb2dxrj91wj5kq43yd142gsm0000gn/T/"/>
    <property name="idea.version" value="2024.3"/>
    <property name="java.version" value="17.0.15"/>
    <property name="user.dir" value="/Users/laurencesevilla/Java Projects/NaturalNumberInterpreter"/>
    <property name="os.arch" value="aarch64"/>
    <property name="java.vm.specification.name" value="Java Virtual Machine Specification"/>
    <property name="native.encoding" value="UTF-8"/>
    <property name="java.library.path" value="/Users/laurencesevilla/Library/Java/Extensions:/Library/Java/Extensions:/Network/Library/Java/Extensions:/System/Library/Java/Extensions:/usr/lib/java:."/>
    <property name="java.vm.info" value="mixed mode, sharing"/>
    <property name="java.vendor" value="Oracle Corporation"/>
    <property name="java.vm.version" value="17.0.15+9-LTS-241"/>
    <property name="java.specification.maintenance.version" value="1"/>
    <property name="sun.io.unicode.encoding" value="UnicodeBig"/>
    <property name="socksNonProxyHosts" value="local|*.local|169.254/16|*.169.254/16"/>
    <property name="java.class.version" value="61.0"/>
  </properties>
  <testcase name="validInternationalCellphoneTest" classname="naturalnumberinterpreter.BasePhoneValidatorTest" time="0.007"/>
  <testcase name="invalidCellphoneNumberTest(String)[1]" classname="naturalnumberinterpreter.BasePhoneValidatorTest" time="0.006"/>
  <testcase name="invalidCellphoneNumberTest(String)[2]" classname="naturalnumberinterpreter.BasePhoneValidatorTest" time="0.0"/>
  <testcase name="invalidCellphoneNumberTest(String)[3]" classname="naturalnumberinterpreter.BasePhoneValidatorTest" time="0.0"/>
  <testcase name="invalidCellphoneNumberTest(String)[4]" classname="naturalnumberinterpreter.BasePhoneValidatorTest" time="0.0"/>
  <testcase name="invalidCellphoneNumberTest(String)[5]" classname="naturalnumberinterpreter.BasePhoneValidatorTest" time="0.0"/>
  <testcase name="invalidCellphoneNumberTest(String)[6]" classname="naturalnumberinterpreter.BasePhoneValidatorTest" time="0.001"/>
  <testcase name="invalidCellphoneNumberTest(String)[7]" classname="naturalnumberinterpreter.BasePhoneValidatorTest" time="0.001"/>
  <testcase name="invalidCellphoneNumberTest(String)[8]" classname="naturalnumberinterpreter.BasePhoneValidatorTest" time="0.0"/>
  <testcase name="invalidCellphoneNumberTest(String)[9]" classname="naturalnumberinterpreter.BasePhoneValidatorTest" time="0.0"/>
  <testcase name="invalidCellphoneNumberTest(String)[10]" classname="naturalnumberinterpreter.BasePhoneValidatorTest" time="0.001"/>
  <testcase name="invalidLandlineNumberTest(String)[1]" classname="naturalnumberinterpreter.BasePhoneValidatorTest" time="0.0"/>
  <testcase name="invalidLandlineNumberTest(String)[2]" classname="naturalnumberinterpreter.BasePhoneValidatorTest" time="0.001"/>
  <testcase name="invalidLandlineNumberTest(String)[3]" classname="naturalnumberinterpreter.BasePhoneValidatorTest" time="0.0"/>
  <testcase name="invalidLandlineNumberTest(String)[4]" classname="naturalnumberinterpreter.BasePhoneValidatorTest" time="0.0"/>
  <testcase name="invalidLandlineNumberTest(String)[5]" classname="naturalnumberinterpreter.BasePhoneValidatorTest" time="0.0"/>
  <testcase name="invalidLandlineNumberTest(String)[6]" classname="naturalnumberinterpreter.BasePhoneValidatorTest" time="0.0"/>
  <testcase name="invalidLandlineNumberTest(String)[7]" classname="naturalnumberinterpreter.BasePhoneValidatorTest" time="0.0"/>
  <testcase name="invalidLandlineNumberTest(String)[8]" classname="naturalnumberinterpreter.BasePhoneValidatorTest" time="0.001"/>
  <testcase name="invalidLandlineNumberTest(String)[9]" classname="naturalnumberinterpreter.BasePhoneValidatorTest" time="0.0"/>
  <testcase name="invalidLandlineNumberTest(String)[10]" classname="naturalnumberinterpreter.BasePhoneValidatorTest" time="0.0"/>
  <testcase name="validLocalCellphoneTest" classname="naturalnumberinterpreter.BasePhoneValidatorTest" time="0.0"/>
  <testcase name="validInternationalLandlineTest" classname="naturalnumberinterpreter.BasePhoneValidatorTest" time="0.0"/>
  <testcase name="validLocalLandlineTest" classname="naturalnumberinterpreter.BasePhoneValidatorTest" time="0.0"/>
</testsuite>