<?xml version="1.0" encoding="UTF-8"?>
<testsuite xmlns:xsi="http://www.w3.org/2001/XMLSchema-instance" xsi:noNamespaceSchemaLocation="https://maven.apache.org/surefire/maven-surefire-plugin/xsd/surefire-test-report-3.0.xsd" version="3.0" name="naturalnumberinterpreter.AmbiguityInterpreterTest" time="0.009" tests="3" errors="0" skipped="0" failures="0">
  <properties>
    <property name="java.specification.version" value="17"/>
    <property name="sun.jnu.encoding" value="UTF-8"/>
    <property name="java.class.path" value="/Users/laurencesevilla/Java Projects/NaturalNumberInterpreter/target/test-classes:/Users/laurencesevilla/Java Projects/NaturalNumberInterpreter/target/classes:/Users/laurencesevilla/.m2/repository/org/junit/jupiter/junit-jupiter/5.10.0/junit-jupiter-5.10.0.jar:/Users/laurencesevilla/.m2/repository/org/junit/jupiter/junit-jupiter-api/5.10.0/junit-jupiter-api-5.10.0.jar:/Users/laurencesevilla/.m2/repository/org/opentest4j/opentest4j/1.3.0/opentest4j-1.3.0.jar:/Users/laurencesevilla/.m2/repository/org/junit/platform/junit-platform-commons/1.10.0/junit-platform-commons-1.10.0.jar:/Users/laurencesevilla/.m2/repository/org/apiguardian/apiguardian-api/1.1.2/apiguardian-api-1.1.2.jar:/Users/laurencesevilla/.m2/repository/org/junit/jupiter/junit-jupiter-params/5.10.0/junit-jupiter-params-5.10.0.jar:/Users/laurencesevilla/.m2/repository/org/junit/jupiter/junit-jupiter-engine/5.10.0/junit-jupiter-engine-5.10.0.jar:/Users/laurencesevilla/.m2/repository/org/junit/platform/junit-platform-engine/1.10.0/junit-platform-engine-1.10.0.jar:"/>
    <property name="java.vm.vendor" value="Oracle Corporation"/>
    <property name="sun.arch.data.model" value="64"/>
    <property name="java.vendor.url" value="https://java.oracle.com/"/>
    <property name="os.name" value="Mac OS X"/>
    <property name="java.vm.specification.version" value="17"/>
    <property name="sun.java.launcher" value="SUN_STANDARD"/>
    <property name="user.country" value="US"/>
    <property name="sun.boot.library.path" value="/Library/Java/JavaVirtualMachines/jdk-17.jdk/Contents/Home/lib"/>
    <property name="sun.java.command" value="/Users/laurencesevilla/Java Projects/NaturalNumberInterpreter/target/surefire/surefirebooter-20250618173002656_3.jar /Users/laurencesevilla/Java Projects/NaturalNumberInterpreter/target/surefire 2025-06-18T17-30-02_625-jvmRun1 surefire-20250618173002656_1tmp surefire_0-20250618173002656_2tmp"/>
    <property name="http.nonProxyHosts" value="local|*.local|169.254/16|*.169.254/16"/>
    <property name="jdk.debug" value="release"/>
    <property name="surefire.test.class.path" value="/Users/laurencesevilla/Java Projects/NaturalNumberInterpreter/target/test-classes:/Users/laurencesevilla/Java Projects/NaturalNumberInterpreter/target/classes:/Users/laurencesevilla/.m2/repository/org/junit/jupiter/junit-jupiter/5.10.0/junit-jupiter-5.10.0.jar:/Users/laurencesevilla/.m2/repository/org/junit/jupiter/junit-jupiter-api/5.10.0/junit-jupiter-api-5.10.0.jar:/Users/laurencesevilla/.m2/repository/org/opentest4j/opentest4j/1.3.0/opentest4j-1.3.0.jar:/Users/laurencesevilla/.m2/repository/org/junit/platform/junit-platform-commons/1.10.0/junit-platform-commons-1.10.0.jar:/Users/laurencesevilla/.m2/repository/org/apiguardian/apiguardian-api/1.1.2/apiguardian-api-1.1.2.jar:/Users/laurencesevilla/.m2/repository/org/junit/jupiter/junit-jupiter-params/5.10.0/junit-jupiter-params-5.10.0.jar:/Users/laurencesevilla/.m2/repository/org/junit/jupiter/junit-jupiter-engine/5.10.0/junit-jupiter-engine-5.10.0.jar:/Users/laurencesevilla/.m2/repository/org/junit/platform/junit-platform-engine/1.10.0/junit-platform-engine-1.10.0.jar:"/>
    <property name="sun.cpu.endian" value="little"/>
    <property name="user.home" value="/Users/laurencesevilla"/>
    <property name="user.language" value="en"/>
    <property name="java.specification.vendor" value="Oracle Corporation"/>
    <property name="java.version.date" value="2025-04-15"/>
    <property name="java.home" value="/Library/Java/JavaVirtualMachines/jdk-17.jdk/Contents/Home"/>
    <property name="file.separator" value="/"/>
    <property name="basedir" value="/Users/laurencesevilla/Java Projects/NaturalNumberInterpreter"/>
    <property name="java.vm.compressedOopsMode" value="Zero based"/>
    <property name="line.separator" value="&#10;"/>
    <property name="java.specification.name" value="Java Platform API Specification"/>
    <property name="java.vm.specification.vendor" value="Oracle Corporation"/>
    <property name="surefire.real.class.path" value="/Users/laurencesevilla/Java Projects/NaturalNumberInterpreter/target/surefire/surefirebooter-20250618173002656_3.jar"/>
    <property name="sun.management.compiler" value="HotSpot 64-Bit Tiered Compilers"/>
    <property name="ftp.nonProxyHosts" value="local|*.local|169.254/16|*.169.254/16"/>
    <property name="java.runtime.version" value="17.0.15+9-LTS-241"/>
    <property name="user.name" value="laurencesevilla"/>
    <property name="path.separator" value=":"/>
    <property name="os.version" value="15.5"/>
    <property name="java.runtime.name" value="Java(TM) SE Runtime Environment"/>
    <property name="file.encoding" value="UTF-8"/>
    <property name="java.vm.name" value="Java HotSpot(TM) 64-Bit Server VM"/>
    <property name="localRepository" value="/Users/laurencesevilla/.m2/repository"/>
    <property name="java.vendor.url.bug" value="https://bugreport.java.com/bugreport/"/>
    <property name="java.io.tmpdir" value="/var/folders/m3/rb2dxrj91wj5kq43yd142gsm0000gn/T/"/>
    <property name="idea.version" value="2024.3"/>
    <property name="java.version" value="17.0.15"/>
    <property name="user.dir" value="/Users/laurencesevilla/Java Projects/NaturalNumberInterpreter"/>
    <property name="os.arch" value="aarch64"/>
    <property name="java.vm.specification.name" value="Java Virtual Machine Specification"/>
    <property name="native.encoding" value="UTF-8"/>
    <property name="java.library.path" value="/Users/laurencesevilla/Library/Java/Extensions:/Library/Java/Extensions:/Network/Library/Java/Extensions:/System/Library/Java/Extensions:/usr/lib/java:."/>
    <property name="java.vm.info" value="mixed mode, sharing"/>
    <property name="java.vendor" value="Oracle Corporation"/>
    <property name="java.vm.version" value="17.0.15+9-LTS-241"/>
    <property name="java.specification.maintenance.version" value="1"/>
    <property name="sun.io.unicode.encoding" value="UnicodeBig"/>
    <property name="socksNonProxyHosts" value="local|*.local|169.254/16|*.169.254/16"/>
    <property name="java.class.version" value="61.0"/>
  </properties>
  <testcase name="multipleValidInterpretationsTest" classname="naturalnumberinterpreter.AmbiguityInterpreterTest" time="0.002">
    <system-out><![CDATA[Exploring: [2, 10, 69, 30, 6, 6, 4]
Exploring: [2, 10, 69, 30, 6, 64]
Exploring: [2, 10, 69, 30, 66, 4]
Exploring: [2, 10, 69, 306, 6, 4]
Exploring: [2, 10, 69, 306, 64]
Exploring: [2, 10, 69, 36, 6, 4]
Exploring: [2, 10, 69, 36, 64]
Exploring: [2, 10, 60, 9, 30, 6, 6, 4]
Exploring: [2, 10, 60, 9, 30, 6, 64]
Exploring: [2, 10, 60, 9, 30, 66, 4]
Exploring: [2, 10, 60, 9, 306, 6, 4]
Exploring: [2, 10, 60, 9, 306, 64]
Exploring: [2, 10, 60, 9, 36, 6, 4]
Exploring: [2, 10, 60, 9, 36, 64]
Exploring: [2, 10, 99, 6, 6, 4]
Exploring: [2, 10, 99, 6, 64]
Exploring: [2, 10, 99, 66, 4]
Exploring: [2, 79, 30, 6, 6, 4]
Exploring: [2, 79, 30, 6, 64]
Exploring: [2, 79, 30, 66, 4]
Exploring: [2, 79, 306, 6, 4]
Exploring: [2, 79, 306, 64]
Exploring: [2, 79, 36, 6, 4]
Exploring: [2, 79, 36, 64]
Exploring: [210, 69, 30, 6, 6, 4]
Exploring: [210, 69, 30, 6, 64]
Exploring: [210, 69, 30, 66, 4]
Exploring: [210, 69, 306, 6, 4]
Exploring: [210, 69, 306, 64]
Exploring: [210, 69, 36, 6, 4]
Exploring: [210, 69, 36, 64]
Exploring: [210, 60, 9, 30, 6, 6, 4]
Exploring: [210, 60, 9, 30, 6, 64]
Exploring: [210, 60, 9, 30, 66, 4]
Exploring: [210, 60, 9, 306, 6, 4]
Exploring: [210, 60, 9, 306, 64]
Exploring: [210, 60, 9, 36, 6, 4]
Exploring: [210, 60, 9, 36, 64]
Exploring: [210, 99, 6, 6, 4]
Exploring: [210, 99, 6, 64]
Exploring: [210, 99, 66, 4]
Generated interpretations: [2106930664, 210693664, 21060930664, 2106093664, 21099664, 27930664, 2793664]
]]></system-out>
  </testcase>
  <testcase name="singleValidInterpretationTest" classname="naturalnumberinterpreter.AmbiguityInterpreterTest" time="0.001">
    <system-out><![CDATA[Exploring: [2, 10, 6, 9, 30, 6, 6, 4]
Exploring: [2, 10, 6, 9, 30, 6, 64]
Exploring: [2, 10, 6, 9, 30, 66, 4]
Exploring: [2, 10, 6, 9, 306, 6, 4]
Exploring: [2, 10, 6, 9, 306, 64]
Exploring: [2, 10, 6, 9, 36, 6, 4]
Exploring: [2, 10, 6, 9, 36, 64]
Exploring: [2, 10, 6, 930, 6, 6, 4]
Exploring: [2, 10, 6, 930, 6, 64]
Exploring: [2, 10, 6, 930, 66, 4]
Exploring: [2, 10, 6, 39, 6, 6, 4]
Exploring: [2, 10, 6, 39, 6, 64]
Exploring: [2, 10, 6, 39, 66, 4]
Exploring: [2, 10, 69, 30, 6, 6, 4]
Exploring: [2, 10, 69, 30, 6, 64]
Exploring: [2, 10, 69, 30, 66, 4]
Exploring: [2, 10, 69, 306, 6, 4]
Exploring: [2, 10, 69, 306, 64]
Exploring: [2, 10, 69, 36, 6, 4]
Exploring: [2, 10, 69, 36, 64]
Exploring: [2, 106, 9, 30, 6, 6, 4]
Exploring: [2, 106, 9, 30, 6, 64]
Exploring: [2, 106, 9, 30, 66, 4]
Exploring: [2, 106, 9, 306, 6, 4]
Exploring: [2, 106, 9, 306, 64]
Exploring: [2, 106, 9, 36, 6, 4]
Exploring: [2, 106, 9, 36, 64]
Exploring: [2, 106, 930, 6, 6, 4]
Exploring: [2, 106, 930, 6, 64]
Exploring: [2, 106, 930, 66, 4]
Exploring: [2, 106, 39, 6, 6, 4]
Exploring: [2, 106, 39, 6, 64]
Exploring: [2, 106, 39, 66, 4]
Exploring: [210, 6, 9, 30, 6, 6, 4]
Exploring: [210, 6, 9, 30, 6, 64]
Exploring: [210, 6, 9, 30, 66, 4]
Exploring: [210, 6, 9, 306, 6, 4]
Exploring: [210, 6, 9, 306, 64]
Exploring: [210, 6, 9, 36, 6, 4]
Exploring: [210, 6, 9, 36, 64]
Exploring: [210, 6, 930, 6, 6, 4]
Exploring: [210, 6, 930, 6, 64]
Exploring: [210, 6, 930, 66, 4]
Exploring: [210, 6, 39, 6, 6, 4]
Exploring: [210, 6, 39, 6, 64]
Exploring: [210, 6, 39, 66, 4]
Exploring: [210, 69, 30, 6, 6, 4]
Exploring: [210, 69, 30, 6, 64]
Exploring: [210, 69, 30, 66, 4]
Exploring: [210, 69, 306, 6, 4]
Exploring: [210, 69, 306, 64]
Exploring: [210, 69, 36, 6, 4]
Exploring: [210, 69, 36, 64]
Generated interpretations: [2106930664, 210693664, 210639664]
]]></system-out>
  </testcase>
  <testcase name="validAndInvalidInterpretationComplexTest" classname="naturalnumberinterpreter.AmbiguityInterpreterTest" time="0.005">
    <system-out><![CDATA[Exploring: [0, 0, 30, 69, 700, 25, 3, 52]
Exploring: [0, 0, 30, 69, 700, 25, 53, 2]
Exploring: [0, 0, 30, 69, 724, 1, 3, 50, 2]
Exploring: [0, 0, 30, 69, 724, 1, 3, 502]
Exploring: [0, 0, 30, 69, 724, 1, 3, 52]
Exploring: [0, 0, 30, 69, 724, 1, 350, 2]
Exploring: [0, 0, 30, 69, 724, 1, 53, 2]
Exploring: [0, 0, 30, 69, 724, 13, 50, 2]
Exploring: [0, 0, 30, 69, 724, 13, 502]
Exploring: [0, 0, 30, 69, 724, 13, 52]
Exploring: [0, 0, 30, 60, 9, 724, 1, 3, 52]
Exploring: [0, 0, 30, 60, 9, 724, 1, 53, 2]
Exploring: [0, 0, 30, 60, 9, 724, 13, 52]
Exploring: [0, 0, 99, 700, 24, 1, 3, 50, 2]
Exploring: [0, 0, 99, 700, 24, 1, 3, 502]
Exploring: [0, 0, 99, 700, 24, 1, 3, 52]
Exploring: [0, 0, 99, 700, 24, 1, 350, 2]
Exploring: [0, 0, 99, 700, 24, 1, 53, 2]
Exploring: [0, 0, 99, 700, 24, 13, 50, 2]
Exploring: [0, 0, 99, 700, 24, 13, 502]
Exploring: [0, 0, 99, 700, 24, 13, 52]
Exploring: [0, 0, 99, 700, 20, 4, 1, 3, 52]
Exploring: [0, 0, 99, 700, 20, 4, 1, 53, 2]
Exploring: [0, 0, 99, 700, 20, 4, 13, 52]
Exploring: [0, 0, 99, 700, 241, 3, 50, 2]
Exploring: [0, 0, 99, 700, 241, 3, 502]
Exploring: [0, 0, 99, 700, 241, 3, 52]
Exploring: [0, 0, 99, 700, 241, 350, 2]
Exploring: [0, 0, 99, 700, 241, 53, 2]
Exploring: [0, 0, 99, 700, 25, 3, 50, 2]
Exploring: [0, 0, 99, 700, 25, 3, 502]
Exploring: [0, 0, 99, 700, 25, 3, 52]
Exploring: [0, 0, 99, 700, 25, 350, 2]
Exploring: [0, 0, 99, 700, 25, 53, 2]
Exploring: [0, 0, 99, 724, 1, 3, 50, 2]
Exploring: [0, 0, 99, 724, 1, 3, 502]
Exploring: [0, 0, 99, 724, 1, 3, 52]
Exploring: [0, 0, 99, 724, 1, 350, 2]
Exploring: [0, 0, 99, 724, 1, 53, 2]
Exploring: [0, 0, 99, 724, 13, 50, 2]
Exploring: [0, 0, 99, 724, 13, 502]
Exploring: [0, 0, 99, 724, 13, 52]
Exploring: [0, 030, 69, 700, 25, 3, 52]
Exploring: [0, 030, 69, 700, 25, 53, 2]
Exploring: [0, 030, 69, 724, 1, 3, 50, 2]
Exploring: [0, 030, 69, 724, 1, 3, 502]
Exploring: [0, 030, 69, 724, 1, 3, 52]
Exploring: [0, 030, 69, 724, 1, 350, 2]
Exploring: [0, 030, 69, 724, 1, 53, 2]
Exploring: [0, 030, 69, 724, 13, 50, 2]
Exploring: [0, 030, 69, 724, 13, 502]
Exploring: [0, 030, 69, 724, 13, 52]
Exploring: [0, 030, 60, 9, 724, 1, 3, 52]
Exploring: [0, 030, 60, 9, 724, 1, 53, 2]
Exploring: [0, 030, 60, 9, 724, 13, 52]
Exploring: [0, 30, 69, 700, 24, 1, 3, 52]
Exploring: [0, 30, 69, 700, 24, 1, 53, 2]
Exploring: [0, 30, 69, 700, 24, 13, 52]
Exploring: [0, 30, 69, 700, 241, 3, 52]
Exploring: [0, 30, 69, 700, 241, 53, 2]
Exploring: [0, 30, 69, 700, 25, 3, 50, 2]
Exploring: [0, 30, 69, 700, 25, 3, 502]
Exploring: [0, 30, 69, 700, 25, 3, 52]
Exploring: [0, 30, 69, 700, 25, 350, 2]
Exploring: [0, 30, 69, 700, 25, 53, 2]
Exploring: [0, 30, 69, 724, 1, 3, 50, 2]
Exploring: [0, 30, 69, 724, 1, 3, 502]
Exploring: [0, 30, 69, 724, 1, 3, 52]
Exploring: [0, 30, 69, 724, 1, 350, 2]
Exploring: [0, 30, 69, 724, 1, 53, 2]
Exploring: [0, 30, 69, 724, 13, 50, 2]
Exploring: [0, 30, 69, 724, 13, 502]
Exploring: [0, 30, 69, 724, 13, 52]
Exploring: [0, 30, 60, 9, 700, 25, 3, 52]
Exploring: [0, 30, 60, 9, 700, 25, 53, 2]
Exploring: [0, 30, 60, 9, 724, 1, 3, 50, 2]
Exploring: [0, 30, 60, 9, 724, 1, 3, 502]
Exploring: [0, 30, 60, 9, 724, 1, 3, 52]
Exploring: [0, 30, 60, 9, 724, 1, 350, 2]
Exploring: [0, 30, 60, 9, 724, 1, 53, 2]
Exploring: [0, 30, 60, 9, 724, 13, 50, 2]
Exploring: [0, 30, 60, 9, 724, 13, 502]
Exploring: [0, 30, 60, 9, 724, 13, 52]
Exploring: [00, 30, 69, 700, 25, 3, 52]
Exploring: [00, 30, 69, 700, 25, 53, 2]
Exploring: [00, 30, 69, 724, 1, 3, 50, 2]
Exploring: [00, 30, 69, 724, 1, 3, 502]
Exploring: [00, 30, 69, 724, 1, 3, 52]
Exploring: [00, 30, 69, 724, 1, 350, 2]
Exploring: [00, 30, 69, 724, 1, 53, 2]
Exploring: [00, 30, 69, 724, 13, 50, 2]
Exploring: [00, 30, 69, 724, 13, 502]
Exploring: [00, 30, 69, 724, 13, 52]
Exploring: [00, 30, 60, 9, 724, 1, 3, 52]
Exploring: [00, 30, 60, 9, 724, 1, 53, 2]
Exploring: [00, 30, 60, 9, 724, 13, 52]
Exploring: [00, 99, 700, 24, 1, 3, 50, 2]
Exploring: [00, 99, 700, 24, 1, 3, 502]
Exploring: [00, 99, 700, 24, 1, 3, 52]
Exploring: [00, 99, 700, 24, 1, 350, 2]
Exploring: [00, 99, 700, 24, 1, 53, 2]
Exploring: [00, 99, 700, 24, 13, 50, 2]
Exploring: [00, 99, 700, 24, 13, 502]
Exploring: [00, 99, 700, 24, 13, 52]
Exploring: [00, 99, 700, 20, 4, 1, 3, 52]
Exploring: [00, 99, 700, 20, 4, 1, 53, 2]
Exploring: [00, 99, 700, 20, 4, 13, 52]
Exploring: [00, 99, 700, 241, 3, 50, 2]
Exploring: [00, 99, 700, 241, 3, 502]
Exploring: [00, 99, 700, 241, 3, 52]
Exploring: [00, 99, 700, 241, 350, 2]
Exploring: [00, 99, 700, 241, 53, 2]
Exploring: [00, 99, 700, 25, 3, 50, 2]
Exploring: [00, 99, 700, 25, 3, 502]
Exploring: [00, 99, 700, 25, 3, 52]
Exploring: [00, 99, 700, 25, 350, 2]
Exploring: [00, 99, 700, 25, 53, 2]
Exploring: [00, 99, 724, 1, 3, 50, 2]
Exploring: [00, 99, 724, 1, 3, 502]
Exploring: [00, 99, 724, 1, 3, 52]
Exploring: [00, 99, 724, 1, 350, 2]
Exploring: [00, 99, 724, 1, 53, 2]
Exploring: [00, 99, 724, 13, 50, 2]
Exploring: [00, 99, 724, 13, 502]
Exploring: [00, 99, 724, 13, 52]
Generated interpretations: [00306970025352, 00306970025532, 00306972413502, 0030697241352, 0030697241532, 00306097241352, 00306097241532, 00997002413502, 0099700241352, 0099700241532, 00997002041352, 00997002041532, 0099700253502, 009970025352, 009970025532, 009972413502, 00997241352, 00997241532, 03069700241352, 03069700241532, 03069700253502, 0306970025352, 0306970025532, 0306972413502, 030697241352, 030697241532, 03060970025352, 03060970025532, 03060972413502, 0306097241352, 0306097241532]
]]></system-out>
  </testcase>
</testsuite>